TN:
SF:libs/template/src/lib/template.module.ts
FNF:0
FNH:0
DA:1,17
DA:3,17
DA:4,17
DA:5,17
DA:6,17
DA:11,17
LF:6
LH:6
BRF:0
BRH:0
end_of_record
TN:
SF:libs/template/src/lib/core/render-aware/render-aware_creator.ts
FN:30,createRenderAware
FN:38,(anonymous_1)
FN:43,(anonymous_2)
FN:51,(anonymous_3)
FN:64,(anonymous_4)
FN:78,(anonymous_5)
FN:80,(anonymous_6)
FN:94,(anonymous_7)
FN:97,(anonymous_8)
FN:101,(anonymous_9)
FN:107,renderWithLatestStrategy
FN:110,(anonymous_11)
FN:115,(anonymous_12)
FN:121,handleErrorAndComplete
FN:122,(anonymous_14)
FN:123,(anonymous_15)
FN:125,(anonymous_16)
FN:127,(anonymous_17)
FN:131,(anonymous_18)
FN:133,(anonymous_19)
FNF:20
FNH:20
FNDA:72,createRenderAware
FNDA:67,(anonymous_1)
FNDA:67,(anonymous_2)
FNDA:66,(anonymous_3)
FNDA:65,(anonymous_4)
FNDA:65,(anonymous_5)
FNDA:61,(anonymous_6)
FNDA:74,(anonymous_7)
FNDA:87,(anonymous_8)
FNDA:64,(anonymous_9)
FNDA:61,renderWithLatestStrategy
FNDA:61,(anonymous_11)
FNDA:102,(anonymous_12)
FNDA:61,handleErrorAndComplete
FNDA:61,(anonymous_14)
FNDA:61,(anonymous_15)
FNDA:55,(anonymous_16)
FNDA:5,(anonymous_17)
FNDA:42,(anonymous_18)
FNDA:31,(anonymous_19)
DA:1,23
DA:11,23
DA:30,23
DA:34,72
DA:36,72
DA:39,67
DA:44,67
DA:45,67
DA:46,66
DA:48,1
DA:51,66
DA:56,72
DA:57,72
DA:60,72
DA:62,72
DA:65,65
DA:66,4
DA:68,61
DA:69,6
DA:70,6
DA:71,1
DA:74,60
DA:75,60
DA:78,65
DA:81,61
DA:93,72
DA:95,74
DA:98,87
DA:102,64
DA:110,61
DA:111,61
DA:116,102
DA:122,61
DA:123,61
DA:124,61
DA:125,55
DA:128,5
DA:129,5
DA:131,42
DA:133,61
LF:40
LH:40
BRDA:40,0,0,66
BRDA:40,0,1,1
BRDA:45,1,0,66
BRDA:45,1,1,1
BRDA:65,2,0,4
BRDA:65,2,1,61
BRDA:68,3,0,6
BRDA:68,3,1,55
BRDA:70,4,0,1
BRDA:70,4,1,5
BRF:10
BRH:10
end_of_record
TN:
SF:libs/template/src/lib/core/utils/coalescing-manager.ts
FN:16,(anonymous_0)
FN:29,createCoalesceManager
FN:37,removeWork
FN:47,addWork
FN:57,isCoalescing
FNF:5
FNH:5
FNDA:548,(anonymous_0)
FNDA:28,createCoalesceManager
FNDA:80,removeWork
FNDA:126,addWork
FNDA:136,isCoalescing
DA:1,28
DA:13,28
DA:15,28
DA:16,548
DA:30,28
DA:39,80
DA:41,80
DA:49,126
DA:51,126
DA:58,136
LF:10
LH:10
BRF:0
BRH:0
end_of_record
TN:
SF:libs/template/src/lib/core/utils/properties-weakmap.ts
FN:32,createPropertiesWeakMap
FN:43,getProperties
FN:54,(anonymous_2)
FN:64,setProperties
FN:66,(anonymous_4)
FN:73,hasKey
FNF:6
FNH:6
FNDA:29,createPropertiesWeakMap
FNDA:553,getProperties
FNDA:80,(anonymous_2)
FNDA:207,setProperties
FNDA:207,(anonymous_4)
FNDA:80,hasKey
DA:32,28
DA:36,29
DA:38,29
DA:44,553
DA:45,553
DA:48,553
DA:49,473
DA:51,80
DA:53,80
DA:55,80
DA:59,80
DA:61,553
DA:65,207
DA:66,207
DA:67,207
DA:69,207
DA:70,207
DA:74,80
LF:18
LH:18
BRDA:48,0,0,473
BRDA:48,0,1,80
BRDA:55,1,0,1
BRDA:55,1,1,79
BRF:4
BRH:4
end_of_record
TN:
SF:libs/template/src/lib/core/utils/template-manager_creator.ts
FN:65,createTemplateManager
FN:75,(anonymous_1)
FN:79,(anonymous_2)
FN:80,(anonymous_3)
FN:85,(anonymous_4)
FN:97,(anonymous_5)
FN:101,(anonymous_6)
FN:127,(anonymous_7)
FN:128,(anonymous_8)
FN:134,assertTemplate
FNF:10
FNH:10
FNDA:50,createTemplateManager
FNDA:58,(anonymous_1)
FNDA:55,(anonymous_2)
FNDA:91,(anonymous_3)
FNDA:70,(anonymous_4)
FNDA:2,(anonymous_5)
FNDA:75,(anonymous_6)
FNDA:26,(anonymous_7)
FNDA:27,(anonymous_8)
FNDA:70,assertTemplate
DA:65,18
DA:69,50
DA:70,50
DA:71,50
DA:74,50
DA:76,58
DA:80,55
DA:81,91
DA:86,70
DA:87,69
DA:88,68
DA:91,1
DA:98,2
DA:102,75
DA:103,48
DA:105,47
DA:107,47
DA:108,1
DA:111,46
DA:115,46
DA:120,1
DA:123,47
DA:128,27
DA:129,26
DA:138,70
DA:141,70
DA:142,1
DA:146,69
LF:28
LH:28
BRDA:87,0,0,68
BRDA:87,0,1,1
BRDA:102,1,0,48
BRDA:102,1,1,27
BRDA:103,2,0,47
BRDA:103,2,1,1
BRDA:107,3,0,1
BRDA:107,3,1,46
BRDA:139,4,0,70
BRDA:139,4,1,70
BRDA:141,5,0,1
BRDA:141,5,1,69
BRF:12
BRH:12
end_of_record
TN:
SF:libs/template/src/lib/core/utils/unpatched-resolved-promise.ts
FN:6,getUnpatchedResolvedPromise
FNF:1
FNH:1
FNDA:134,getUnpatchedResolvedPromise
DA:2,27
DA:4,27
DA:6,27
DA:7,134
DA:8,134
LF:5
LH:5
BRDA:7,0,0,134
BRDA:7,0,1,17
BRF:2
BRH:2
end_of_record
TN:
SF:libs/template/src/lib/core/utils/zone-checks.ts
FN:16,getZoneUnPatchedApi
FN:35,isEnvZonePatched
FN:51,isApiZonePatched
FN:77,isNgZone
FN:86,fn
FN:89,(anonymous_5)
FN:111,isNoopNgZone
FNF:7
FNH:7
FNDA:61,getZoneUnPatchedApi
FNDA:2,isEnvZonePatched
FNDA:61,isApiZonePatched
FNDA:6,isNgZone
FNDA:3,fn
FNDA:2,(anonymous_5)
FNDA:4,isNoopNgZone
DA:1,27
DA:16,27
DA:17,61
DA:18,61
DA:35,27
DA:36,2
DA:51,27
DA:53,61
DA:56,27
DA:77,27
DA:78,6
DA:80,6
DA:81,1
DA:84,5
DA:89,5
DA:91,5
DA:92,5
DA:94,5
DA:111,27
DA:112,4
LF:20
LH:20
BRDA:17,0,0,61
BRDA:17,0,1,59
BRDA:18,1,0,58
BRDA:18,1,1,3
BRDA:80,2,0,1
BRDA:80,2,1,5
BRF:6
BRH:6
end_of_record
TN:
SF:libs/template/src/lib/let/let.directive.ts
FN:345,(anonymous_0)
FN:295,(anonymous_1)
FN:305,(anonymous_2)
FN:312,(anonymous_3)
FN:321,(anonymous_4)
FN:377,(anonymous_5)
FN:181,(anonymous_6)
FN:223,(anonymous_7)
FN:242,(anonymous_8)
FN:263,(anonymous_9)
FN:284,(anonymous_10)
FN:335,(anonymous_11)
FN:363,(anonymous_12)
FN:372,(anonymous_13)
FNF:14
FNH:14
FNDA:35,(anonymous_0)
FNDA:2,(anonymous_1)
FNDA:28,(anonymous_2)
FNDA:4,(anonymous_3)
FNDA:19,(anonymous_4)
FNDA:29,(anonymous_5)
FNDA:29,(anonymous_6)
FNDA:2,(anonymous_7)
FNDA:9,(anonymous_8)
FNDA:9,(anonymous_9)
FNDA:10,(anonymous_10)
FNDA:1,(anonymous_11)
FNDA:27,(anonymous_12)
FNDA:25,(anonymous_13)
DA:1,17
DA:3,17
DA:4,17
DA:5,17
DA:6,17
DA:134,17
DA:144,35
DA:181,17
DA:182,29
DA:223,17
DA:224,2
DA:242,17
DA:245,9
DA:263,17
DA:266,9
DA:284,17
DA:287,10
DA:290,35
DA:294,35
DA:296,2
DA:297,2
DA:306,28
DA:307,28
DA:314,4
DA:317,4
DA:323,19
DA:326,19
DA:339,1
DA:347,35
DA:348,35
DA:350,35
DA:351,35
DA:353,35
DA:357,35
DA:364,27
DA:365,27
DA:366,27
DA:373,25
DA:374,25
DA:377,35
DA:379,29
DA:380,10
LF:42
LH:42
BRDA:315,0,0,1
BRDA:315,0,1,3
BRDA:324,1,0,3
BRDA:324,1,1,16
BRDA:379,2,0,10
BRDA:379,2,1,19
BRDA:224,3,0,2
BRDA:224,3,1,1
BRF:8
BRH:8
end_of_record
TN:
SF:libs/template/src/lib/let/let.module.ts
FNF:0
FNH:0
DA:1,17
DA:2,17
DA:4,17
DA:10,17
LF:4
LH:4
BRF:0
BRH:0
end_of_record
TN:
SF:libs/template/src/lib/push/push.module.ts
FNF:0
FNH:0
DA:1,18
DA:2,18
DA:4,18
DA:26,18
LF:4
LH:4
BRF:0
BRH:0
end_of_record
TN:
SF:libs/template/src/lib/push/push.pipe.ts
FN:63,(anonymous_0)
FN:59,(anonymous_1)
FN:60,(anonymous_2)
FN:85,(anonymous_3)
FN:95,(anonymous_4)
FNF:5
FNH:5
FNDA:18,(anonymous_0)
FNDA:2,(anonymous_1)
FNDA:11,(anonymous_2)
FNDA:27,(anonymous_3)
FNDA:8,(anonymous_4)
DA:1,18
DA:3,18
DA:4,18
DA:5,18
DA:52,18
DA:58,18
DA:59,2
DA:60,11
DA:64,18
DA:70,18
DA:89,27
DA:90,27
DA:91,27
DA:92,27
DA:96,8
LF:15
LH:15
BRDA:89,0,0,27
BRDA:89,0,1,27
BRF:2
BRH:2
end_of_record
TN:
SF:libs/template/src/lib/render-strategies/rxjs/operators/coalesceWith.ts
FN:43,coalesceWith
FN:48,(anonymous_1)
FN:49,(anonymous_2)
FN:59,createInnerObserver
FN:66,(anonymous_4)
FN:73,(anonymous_5)
FN:79,(anonymous_6)
FN:80,(anonymous_7)
FN:85,(anonymous_8)
FN:89,(anonymous_9)
FNF:10
FNH:10
FNDA:104,coalesceWith
FNDA:104,(anonymous_1)
FNDA:104,(anonymous_2)
FNDA:104,createInnerObserver
FNDA:63,(anonymous_4)
FNDA:26,(anonymous_5)
FNDA:1,(anonymous_6)
FNDA:212,(anonymous_7)
FNDA:37,(anonymous_8)
FNDA:54,(anonymous_9)
DA:1,20
DA:10,20
DA:43,20
DA:47,104
DA:48,104
DA:49,104
DA:50,104
DA:51,104
DA:54,104
DA:57,104
DA:66,104
DA:67,63
DA:68,63
DA:69,35
DA:72,104
DA:74,26
DA:75,10
DA:77,26
DA:79,1
DA:81,212
DA:82,212
DA:83,105
DA:84,105
DA:86,37
DA:87,37
DA:90,54
DA:91,16
DA:92,16
DA:96,105
LF:29
LH:29
BRDA:47,0,0,104
BRDA:47,0,1,12
BRDA:68,1,0,35
BRDA:68,1,1,28
BRDA:74,2,0,10
BRDA:74,2,1,16
BRDA:82,3,0,105
BRDA:82,3,1,107
BRDA:90,4,0,16
BRDA:90,4,1,38
BRF:10
BRH:10
end_of_record
TN:
SF:libs/template/src/lib/render-strategies/rxjs/scheduling/animationFrameTick.ts
FN:4,(anonymous_0)
FN:5,(anonymous_1)
FN:6,(anonymous_2)
FN:11,(anonymous_3)
FNF:4
FNH:4
FNDA:22,(anonymous_0)
FNDA:22,(anonymous_1)
FNDA:13,(anonymous_2)
FNDA:17,(anonymous_3)
DA:1,22
DA:2,22
DA:4,22
DA:5,22
DA:6,22
DA:7,13
DA:8,13
DA:11,22
DA:12,17
LF:9
LH:9
BRF:0
BRH:0
end_of_record
TN:
SF:libs/template/src/lib/render-strategies/rxjs/scheduling/interfaces.ts
FN:1,(anonymous_0)
FN:12,(anonymous_1)
FNF:2
FNH:2
FNDA:22,(anonymous_0)
FNDA:22,(anonymous_1)
DA:1,22
DA:2,22
DA:3,22
DA:4,22
DA:5,22
DA:6,22
DA:7,22
DA:8,22
DA:12,22
DA:13,22
DA:14,22
DA:15,22
DA:16,22
DA:17,22
DA:18,22
DA:19,22
DA:20,22
DA:21,22
DA:22,22
LF:19
LH:19
BRDA:1,0,0,22
BRDA:1,0,1,22
BRDA:12,1,0,22
BRDA:12,1,1,22
BRF:4
BRH:4
end_of_record
TN:
SF:libs/template/src/lib/render-strategies/rxjs/scheduling/priority-tick-map.ts
FNF:0
FNH:0
DA:1,22
DA:7,22
DA:8,22
DA:9,22
DA:11,22
LF:5
LH:5
BRF:0
BRH:0
end_of_record
TN:
SF:libs/template/src/lib/render-strategies/rxjs/scheduling/promiseTick.ts
FN:6,(anonymous_0)
FN:7,(anonymous_1)
FN:10,(anonymous_2)
FN:16,(anonymous_3)
FN:19,(anonymous_4)
FNF:5
FNH:5
FNDA:61,(anonymous_0)
FNDA:92,(anonymous_1)
FNDA:91,(anonymous_2)
FNDA:1,(anonymous_3)
FNDA:92,(anonymous_4)
DA:1,22
DA:2,22
DA:6,22
DA:7,61
DA:8,92
DA:9,92
DA:11,91
DA:12,41
DA:13,41
DA:17,1
DA:19,92
DA:20,92
DA:21,92
LF:13
LH:13
BRDA:11,0,0,41
BRDA:11,0,1,50
BRF:2
BRH:2
end_of_record
TN:
SF:libs/template/src/lib/render-strategies/static/static-coalesce.ts
FN:5,staticCoalesce
FN:15,(anonymous_1)
FN:18,(anonymous_2)
FN:29,tryExecuteWork
FNF:4
FNH:4
FNDA:54,staticCoalesce
FNDA:16,(anonymous_1)
FNDA:13,(anonymous_2)
FNDA:16,tryExecuteWork
DA:2,21
DA:5,21
DA:13,54
DA:14,18
DA:15,18
DA:16,16
DA:18,18
DA:19,13
DA:20,13
DA:22,18
DA:25,54
DA:30,16
DA:31,16
DA:32,15
DA:34,1
LF:15
LH:15
BRDA:8,0,0,1
BRDA:9,1,0,6
BRDA:13,2,0,18
BRDA:13,2,1,36
BRDA:31,3,0,15
BRDA:31,3,1,1
BRF:6
BRH:6
end_of_record
TN:
SF:libs/template/src/lib/render-strategies/static/static-schedule-and-coalesced.ts
FN:7,coalesceAndSchedule
FN:14,(anonymous_1)
FN:23,(anonymous_2)
FNF:3
FNH:3
FNDA:40,coalesceAndSchedule
FNDA:11,(anonymous_1)
FNDA:15,(anonymous_2)
DA:1,21
DA:2,21
DA:3,21
DA:5,21
DA:7,21
DA:13,40
DA:14,40
DA:16,40
DA:23,40
DA:24,15
DA:25,15
DA:27,40
DA:29,40
LF:13
LH:13
BRDA:10,0,0,1
BRDA:11,1,0,36
BRF:2
BRH:2
end_of_record
TN:
SF:libs/template/src/lib/render-strategies/static/static-schedule.ts
FN:4,staticSchedule
FN:19,(anonymous_1)
FN:20,(anonymous_2)
FN:23,(anonymous_3)
FN:32,tryExecuteWork
FNF:5
FNH:5
FNDA:15,staticSchedule
FNDA:1,(anonymous_1)
FNDA:12,(anonymous_2)
FNDA:12,(anonymous_3)
FNDA:14,tryExecuteWork
DA:1,21
DA:4,21
DA:10,15
DA:11,2
DA:12,2
DA:16,13
DA:19,1
DA:20,12
DA:23,13
DA:24,12
DA:25,12
DA:27,13
DA:29,13
DA:33,14
DA:34,13
DA:35,13
LF:16
LH:16
BRDA:7,0,0,3
BRDA:10,1,0,2
BRDA:10,1,1,13
BRDA:33,2,0,13
BRDA:33,2,1,1
BRF:5
BRH:5
end_of_record
TN:
SF:libs/template/src/lib/render-strategies/strategies/detach-strategy.ts
FN:20,getDetachStrategies
FN:48,createDetachStrategy
FN:55,(anonymous_2)
FN:60,(anonymous_3)
FN:63,(anonymous_4)
FN:63,(anonymous_5)
FN:66,(anonymous_6)
FNF:7
FNH:7
FNDA:95,getDetachStrategies
FNDA:95,createDetachStrategy
FNDA:6,(anonymous_2)
FNDA:9,(anonymous_3)
FNDA:3,(anonymous_4)
FNDA:3,(anonymous_5)
FNDA:13,(anonymous_6)
DA:1,19
DA:2,19
DA:3,19
DA:4,19
DA:6,19
DA:7,19
DA:9,19
DA:20,19
DA:23,95
DA:48,19
DA:51,95
DA:52,95
DA:53,95
DA:55,95
DA:56,6
DA:57,6
DA:58,6
DA:60,95
DA:63,3
DA:66,95
DA:67,13
DA:69,95
LF:22
LH:22
BRF:0
BRH:0
end_of_record
TN:
SF:libs/template/src/lib/render-strategies/strategies/global.strategy.ts
FN:4,getGlobalStrategies
FN:30,createGlobalStrategy
FN:33,(anonymous_2)
FN:38,(anonymous_3)
FN:39,(anonymous_4)
FNF:5
FNH:5
FNDA:95,getGlobalStrategies
FNDA:95,createGlobalStrategy
FNDA:14,(anonymous_2)
FNDA:3,(anonymous_3)
FNDA:14,(anonymous_4)
DA:1,19
DA:4,19
DA:7,95
DA:30,19
DA:33,95
DA:35,95
DA:38,3
DA:40,14
DA:41,14
LF:9
LH:9
BRF:0
BRH:0
end_of_record
TN:
SF:libs/template/src/lib/render-strategies/strategies/local.strategy.ts
FN:20,getLocalStrategies
FN:60,createLocalStrategy
FN:67,(anonymous_2)
FN:70,(anonymous_3)
FN:73,(anonymous_4)
FN:73,(anonymous_5)
FN:76,(anonymous_6)
FNF:7
FNH:7
FNDA:95,getLocalStrategies
FNDA:95,createLocalStrategy
FNDA:7,(anonymous_2)
FNDA:72,(anonymous_3)
FNDA:13,(anonymous_4)
FNDA:4,(anonymous_5)
FNDA:13,(anonymous_6)
DA:1,19
DA:2,19
DA:3,19
DA:4,19
DA:6,19
DA:7,19
DA:9,19
DA:20,19
DA:23,95
DA:60,19
DA:63,95
DA:64,95
DA:65,95
DA:67,95
DA:68,7
DA:70,95
DA:71,72
DA:73,13
DA:76,95
DA:77,13
DA:79,95
LF:21
LH:21
BRF:0
BRH:0
end_of_record
TN:
SF:libs/template/src/lib/render-strategies/strategies/native.strategy.ts
FN:24,createNativeStrategy
FN:30,(anonymous_1)
FN:31,(anonymous_2)
FN:31,(anonymous_3)
FN:34,(anonymous_4)
FNF:5
FNH:5
FNDA:97,createNativeStrategy
FNDA:1,(anonymous_1)
FNDA:3,(anonymous_2)
FNDA:13,(anonymous_3)
FNDA:13,(anonymous_4)
DA:2,19
DA:24,19
DA:27,97
DA:28,97
DA:30,1
DA:31,3
DA:32,13
DA:35,13
DA:36,13
LF:9
LH:9
BRF:0
BRH:0
end_of_record
TN:
SF:libs/template/src/lib/render-strategies/strategies/noop.strategy.ts
FN:20,createNoopStrategy
FN:23,(anonymous_1)
FN:25,(anonymous_2)
FN:26,(anonymous_3)
FNF:4
FNH:4
FNDA:96,createNoopStrategy
FNDA:6,(anonymous_1)
FNDA:2,(anonymous_2)
FNDA:13,(anonymous_3)
DA:20,19
DA:21,96
DA:25,2
DA:26,13
LF:4
LH:4
BRF:0
BRH:0
end_of_record
TN:
SF:libs/template/src/lib/render-strategies/strategies/strategies-map.ts
FN:26,getStrategies
FNF:1
FNH:1
FNDA:95,getStrategies
DA:2,19
DA:3,19
DA:4,19
DA:5,19
DA:6,19
DA:8,19
DA:26,19
DA:29,95
LF:8
LH:8
BRF:0
BRH:0
end_of_record
